Arguments: 
  C:\Program Files\nodejs\node.exe C:\Users\bella\AppData\Roaming\npm\node_modules\yarn\bin\yarn.js add react-native-safe-area-view react-native-safe-area-context.

PATH: 
  C:\Python38\Scripts\;C:\Python38\;C:\Python27\;C:\Python27\Scripts;C:\Program Files\AdoptOpenJDK\jdk8u202-b08-jre\bin;C:\Program Files (x86)\Intel\Intel(R) Management Engine Components\iCLS\;C:\Program Files\Intel\Intel(R) Management Engine Components\iCLS\;C:\WINDOWS\system32;C:\WINDOWS;C:\WINDOWS\System32\Wbem;C:\WINDOWS\System32\WindowsPowerShell\v1.0\;C:\Program Files (x86)\Intel\Intel(R) Management Engine Components\DAL;C:\Program Files\Intel\Intel(R) Management Engine Components\DAL;C:\Program Files (x86)\Intel\Intel(R) Management Engine Components\IPT;C:\Program Files\Intel\Intel(R) Management Engine Components\IPT;C:\WINDOWS\System32\OpenSSH\;C:\Program Files\Intel\WiFi\bin\;C:\Program Files\Common Files\Intel\WirelessCommon\;C:\ProgramData\chocolatey\bin;C:\Program Files\nodejs\;C:\Program Files\Java\jdk1.8.0_221\bin;C:\Program Files\Git\cmd;C:\Program Files\Git\mingw64\bin;C:\Program Files\Git\usr\bin;C:\Program Files\MATLAB\R2019a\bin;C:\Ruby26-x64\bin;c:\Users\BELLA\AppData\Local\Android\Sdk\platform-tools;C:\Users\bella\AppData\Local\Microsoft\WindowsApps;C:\Users\bella\AppData\Local\Programs\Microsoft VS Code\bin;C:\Users\bella\AppData\Roaming\npm;C:\Users\bella\AppData\Local\GitHubDesktop\bin

Yarn version: 
  1.21.1

Node version: 
  13.0.1

Platform: 
  win32 x64

Trace: 
  Error: https://registry.yarnpkg.com/react-native-safe-area-context.: Not found
      at Request.params.callback [as _callback] (C:\Users\bella\AppData\Roaming\npm\node_modules\yarn\lib\cli.js:66947:18)
      at Request.self.callback (C:\Users\bella\AppData\Roaming\npm\node_modules\yarn\lib\cli.js:140665:22)
      at Request.emit (events.js:210:5)
      at Request.<anonymous> (C:\Users\bella\AppData\Roaming\npm\node_modules\yarn\lib\cli.js:141637:10)
      at Request.emit (events.js:210:5)
      at IncomingMessage.<anonymous> (C:\Users\bella\AppData\Roaming\npm\node_modules\yarn\lib\cli.js:141559:12)
      at Object.onceWrapper (events.js:299:28)
      at IncomingMessage.emit (events.js:215:7)
      at endReadableNT (_stream_readable.js:1198:12)
      at processTicksAndRejections (internal/process/task_queues.js:80:21)

npm manifest: 
  {
    "main": "node_modules/expo/AppEntry.js",
    "scripts": {
      "start": "expo start",
      "android": "expo start --android",
      "ios": "expo start --ios",
      "web": "expo start --web",
      "eject": "expo eject",
      "lint": "eslint .",
      "lint:fix": "eslint . --fix",
      "prettier": "prettier --write \"*.js\"",
      "format-code": "yarn run prettier && yarn run lint:fix"
    },
    "dependencies": {
      "expo": "^36.0.2",
      "react": "~16.9.0",
      "react-dom": "~16.9.0",
      "react-native": "https://github.com/expo/react-native/archive/sdk-36.0.0.tar.gz",
      "react-native-elements": "^1.2.7",
      "react-native-gesture-handler": "^1.5.3",
      "react-native-web": "~0.11.7",
      "react-navigation": "^4.0.10",
      "react-navigation-stack": "^2.0.15"
    },
    "devDependencies": {
      "@babel/core": "^7.0.0",
      "babel-preset-expo": "~8.0.0",
      "eslint": "^6.8.0",
      "eslint-config-airbnb": "^18.0.1",
      "eslint-plugin-import": "^2.19.1",
      "eslint-plugin-jsx-a11y": "^6.2.3",
      "eslint-plugin-react": "^7.17.0",
      "eslint-plugin-react-hooks": "^1.7.0",
      "prettier": "^1.19.1"
    },
    "private": true
  }

yarn manifest: 
  No manifest

Lockfile: 
  No lockfile
